<?xml version="1.0" encoding="utf-8" ?>
<assemblies>
<assembly name="[assemblyLocation]" run-date="YYYY-MM-DD" run-time="HH:MM:SS" configFile="[configLocation]" time="1.234" total="7" passed="2" failed="2" skipped="3" environment="00-bit .NET 1.2.3.4" test-framework="Fixie 1.2.3.4">
	<class time="1.234" name="Fixie.Tests.Reports.XUnitXmlReportTests+PassFailTestClass" total="7" passed="2" failed="2" skipped="3">
    <test name="Fixie.Tests.Reports.XUnitXmlReportTests+PassFailTestClass.SkipWithReason" type="Fixie.Tests.Reports.XUnitXmlReportTests+PassFailTestClass" method="SkipWithReason" result="Skip">
      <reason>
        <message><![CDATA[reason]]></message>
      </reason>
    </test>
    <test name="Fixie.Tests.Reports.XUnitXmlReportTests+PassFailTestClass.SkipWithoutReason" type="Fixie.Tests.Reports.XUnitXmlReportTests+PassFailTestClass" method="SkipWithoutReason" result="Skip" />
    <test name="Fixie.Tests.Reports.XUnitXmlReportTests+PassFailTestClass.Fail" type="Fixie.Tests.Reports.XUnitXmlReportTests+PassFailTestClass" method="Fail" result="Fail" time="1.234">
			<failure exception-type="Fixie.Tests.FailureException">
				<message><![CDATA['Fail' failed!]]></message>
				<stack-trace><![CDATA['Fail' failed!
   at Fixie.Tests.Reports.XUnitXmlReportTests.PassFailTestClass.Fail() in [fileLocation]:line #]]></stack-trace>
			</failure>
		</test>
    <test name="Fixie.Tests.Reports.XUnitXmlReportTests+PassFailTestClass.Inconclusive" type="Fixie.Tests.Reports.XUnitXmlReportTests+PassFailTestClass" method="Inconclusive" result="Skip" time="1.234">
      <reason>
        <message>
        <![CDATA[(inconclusive) The method or operation is not implemented.
   at Fixie.Tests.Reports.XUnitXmlReportTests.PassFailTestClass.Inconclusive() in [fileLocation]:line #]]></message>
      </reason>
    </test>
		<test name="Fixie.Tests.Reports.XUnitXmlReportTests+PassFailTestClass.Pass" type="Fixie.Tests.Reports.XUnitXmlReportTests+PassFailTestClass" method="Pass" result="Pass" time="1.234" />
		<test name="Fixie.Tests.Reports.XUnitXmlReportTests+PassFailTestClass.PassIfTrue(False)" type="Fixie.Tests.Reports.XUnitXmlReportTests+PassFailTestClass" method="PassIfTrue" result="Fail" time="1.234">
			<failure exception-type="Fixie.Tests.FailureException">
				<message><![CDATA['PassIfTrue' failed!]]></message>
				<stack-trace><![CDATA['PassIfTrue' failed!
   at Fixie.Tests.Reports.XUnitXmlReportTests.PassFailTestClass.PassIfTrue(Boolean pass) in [fileLocation]:line #]]></stack-trace>
			</failure>
		</test>
		<test name="Fixie.Tests.Reports.XUnitXmlReportTests+PassFailTestClass.PassIfTrue(True)" type="Fixie.Tests.Reports.XUnitXmlReportTests+PassFailTestClass" method="PassIfTrue" result="Pass" time="1.234" />
	</class>
</assembly>
</assemblies>